[0m14:29:58.202478 [debug] [MainThread]: Sending event: {'category': 'dbt', 'action': 'invocation', 'label': 'start', 'context': [<snowplow_tracker.self_describing_json.SelfDescribingJson object at 0x7fc02a046620>, <snowplow_tracker.self_describing_json.SelfDescribingJson object at 0x7fc02a76fa90>, <snowplow_tracker.self_describing_json.SelfDescribingJson object at 0x7fc02a76d690>]}


============================== 14:29:58.204506 | 8ee89f4c-2d45-440b-b7fa-2f8fba928d1b ==============================
[0m14:29:58.204506 [info ] [MainThread]: Running with dbt=1.7.7
[0m14:29:58.204957 [debug] [MainThread]: running dbt with arguments {'printer_width': '80', 'indirect_selection': 'eager', 'write_json': 'True', 'log_cache_events': 'False', 'partial_parse': 'True', 'cache_selected_only': 'False', 'profiles_dir': '/home/reimo/.dbt', 'debug': 'False', 'warn_error': 'None', 'log_path': 'logs', 'version_check': 'True', 'fail_fast': 'False', 'use_colors': 'True', 'use_experimental_parser': 'False', 'no_print': 'None', 'quiet': 'False', 'log_format': 'default', 'introspect': 'True', 'invocation_command': 'dbt init dbt_tpcds_benchmark', 'static_parser': 'True', 'target_path': 'None', 'warn_error_options': 'WarnErrorOptions(include=[], exclude=[])', 'send_anonymous_usage_stats': 'True'}
[0m14:29:58.205440 [debug] [MainThread]: Starter project path: /home/reimo/code/dbt-env/lib/python3.10/site-packages/dbt/include/starter_project
[0m14:29:58.207924 [info ] [MainThread]: 
Your new dbt project "dbt_tpcds_benchmark" was created!

For more information on how to configure the profiles.yml file,
please consult the dbt documentation here:

  https://docs.getdbt.com/docs/configure-your-profile

One more thing:

Need help? Don't hesitate to reach out to us via GitHub issues or on Slack:

  https://community.getdbt.com/

Happy modeling!

[0m14:29:58.208179 [info ] [MainThread]: Setting up your profile.
[0m14:32:39.203817 [debug] [MainThread]: Sending event: {'category': 'dbt', 'action': 'invocation', 'label': 'start', 'context': [<snowplow_tracker.self_describing_json.SelfDescribingJson object at 0x7ff50de62470>, <snowplow_tracker.self_describing_json.SelfDescribingJson object at 0x7ff50e573c10>, <snowplow_tracker.self_describing_json.SelfDescribingJson object at 0x7ff50e571630>]}


============================== 14:32:39.205350 | 127d392c-0770-4658-96fa-944e774da779 ==============================
[0m14:32:39.205350 [info ] [MainThread]: Running with dbt=1.7.7
[0m14:32:39.205684 [debug] [MainThread]: running dbt with arguments {'printer_width': '80', 'indirect_selection': 'eager', 'log_cache_events': 'False', 'write_json': 'True', 'partial_parse': 'True', 'cache_selected_only': 'False', 'warn_error': 'None', 'debug': 'False', 'fail_fast': 'False', 'log_path': 'logs', 'version_check': 'True', 'profiles_dir': '/home/reimo/.dbt', 'use_colors': 'True', 'use_experimental_parser': 'False', 'no_print': 'None', 'quiet': 'False', 'warn_error_options': 'WarnErrorOptions(include=[], exclude=[])', 'invocation_command': 'dbt init dbt_tpcds_benchmark', 'static_parser': 'True', 'introspect': 'True', 'target_path': 'None', 'log_format': 'default', 'send_anonymous_usage_stats': 'True'}
[0m14:32:39.206167 [info ] [MainThread]: A project called dbt_tpcds_benchmark already exists here.
[0m14:32:39.208262 [debug] [MainThread]: Resource report: {"command_name": "init", "command_success": true, "command_wall_clock_time": 0.027176812, "process_user_time": 1.032634, "process_kernel_time": 0.030076, "process_mem_max_rss": "87144", "process_in_blocks": "40", "process_out_blocks": "8"}
[0m14:32:39.208647 [debug] [MainThread]: Command `dbt init` succeeded at 14:32:39.208561 after 0.03 seconds
[0m14:32:39.208876 [debug] [MainThread]: Sending event: {'category': 'dbt', 'action': 'invocation', 'label': 'end', 'context': [<snowplow_tracker.self_describing_json.SelfDescribingJson object at 0x7ff50de62470>, <snowplow_tracker.self_describing_json.SelfDescribingJson object at 0x7ff50e571630>, <snowplow_tracker.self_describing_json.SelfDescribingJson object at 0x7ff50e570af0>]}
[0m14:32:39.209138 [debug] [MainThread]: Flushing usage events
